
ROM used:   2104/8192 (26%)
            2252/8192 (27%) including unused fragments

            1.6 Average locations per line
            5.7 Average locations per statement

RAM used:   82/368 (22%) at main() level
            114/368 (31%) worst case

Stack used: 3 worst case (3 in main + 0 for interrupts)
Stack size: 8

Lines Stmts  %   Files
----- ----- ---  -----
  550   372 100  clock.c
  768     0   0  C:\Program Files (x86)\PICC\Devices\16f887.h
----- -----
 1318   372 Total

Page ROM  %  RAM   Vol Diff  Functions:
---- --- --- ---   --- ----  ----------
0     20   1    1             @delay_ms1
 Inline         1             @delay_us1
0     69   3    3             @I2C_READ_1
0     74   4    1             @I2C_WRITE_1
0     14   1    0             @const632
0     20   1    0             @const640
0     37   2    2   278  6.0  xuat_1byte
 Inline        13   508  4.1  xuat_4byte
 Inline        16   483  8.8  HienThiVal
0    222  11    6    95  3.7  HienThiVal_With_Delay
0    875  42    6   373  7.8  HienThiVal_With_Delay_number
 Inline         1  2344  6.5  bao_thoi_gian
0    216  10    1  1824  5.4  get_data
0     85   4    2   475  3.8  Convert_BCD_to_Decimal
0     37   2    2             @MUL88
0    103   5    1   508  3.8  Convert_Decimal_to_BCD
0     21   1    3             @DIV88
0     57   3    2   113  2.0  ds1307_write
 Inline         1   641  4.8  function_Adj_flag_coi
 Inline         1  5683  8.4  Adjust_Time_Calendar
0     46   2    0   388  2.4  setup_Time_Calendar
1    204  10    1   583  5.3  MAIN
 Inline         0             @cinit1

Program metrics:
    Functions               14
    Statements              372
    Comments                165
    Volume (V)              20881
    Difficulty (D)          70.6
    Effort to implement (E) 1474617
    Time to implement (T)   22 hours, 45 minutes
    Est Delivered Bugs (B)  4
    Cyclomatic Complexity   40
    Maintainability (MI)    38

 Segment     Used  Free
-----------  ----  ----
00000-00003     4  0  
00004-007FF  1896  148  
00800-00FFF   204  1844  
01000-017FF     0  2048  
01800-01FFF     0  2048  



