CCS PCM C Compiler, Version 5.015, 5967               03-Nov-25 12:20

               Filename:   G:\My Drive\Duan\24clock\code\clock.lst

               ROM used:   1596 words (19%)
                           Largest free fragment is 2048
               RAM used:   80 (22%) at main() level
                           110 (30%) worst case
               Stack used: 3 locations
               Stack size: 8

*
0000:  MOVLW  05
0001:  MOVWF  0A
0002:  GOTO   596
0003:  NOP
.................... #include <16f887.h> 
.................... //////////// Standard Header file for the PIC16F887 device //////////////// 
.................... /////////////////////////////////////////////////////////////////////////// 
.................... ////        (C) Copyright 1996, 2013 Custom Computer Services          //// 
.................... //// This source code may only be used by licensed users of the CCS C  //// 
.................... //// compiler.  This source code may only be distributed to other      //// 
.................... //// licensed users of the CCS C compiler.  No other use, reproduction //// 
.................... //// or distribution is permitted without written permission.          //// 
.................... //// Derivative programs created using this software in object code    //// 
.................... //// form are not restricted in any way.                               //// 
.................... /////////////////////////////////////////////////////////////////////////// 
.................... #device PIC16F887 
0004:  BCF    0A.0
0005:  BCF    0A.1
0006:  BCF    0A.2
0007:  ADDWF  02,F
0008:  RETLW  C0
0009:  RETLW  F9
000A:  RETLW  A4
000B:  RETLW  B0
000C:  RETLW  99
000D:  RETLW  92
000E:  RETLW  82
000F:  RETLW  F8
0010:  RETLW  80
0011:  RETLW  90
0012:  BCF    0A.0
0013:  BCF    0A.1
0014:  BCF    0A.2
0015:  ADDWF  02,F
0016:  RETLW  01
0017:  RETLW  02
0018:  RETLW  04
0019:  RETLW  08
001A:  RETLW  10
001B:  RETLW  20
001C:  RETLW  40
001D:  RETLW  80
001E:  RETLW  01
001F:  RETLW  02
0020:  RETLW  04
0021:  RETLW  08
0022:  RETLW  10
0023:  RETLW  20
0024:  RETLW  40
0025:  RETLW  80
*
01B6:  CLRF   77
01B7:  CLRF   78
01B8:  MOVF   71,W
01B9:  BCF    03.0
01BA:  BTFSC  72.0
01BB:  ADDWF  77,F
01BC:  RRF    77,F
01BD:  RRF    78,F
01BE:  BTFSC  72.1
01BF:  ADDWF  77,F
01C0:  RRF    77,F
01C1:  RRF    78,F
01C2:  BTFSC  72.2
01C3:  ADDWF  77,F
01C4:  RRF    77,F
01C5:  RRF    78,F
01C6:  BTFSC  72.3
01C7:  ADDWF  77,F
01C8:  RRF    77,F
01C9:  RRF    78,F
01CA:  BTFSC  72.4
01CB:  ADDWF  77,F
01CC:  RRF    77,F
01CD:  RRF    78,F
01CE:  BTFSC  72.5
01CF:  ADDWF  77,F
01D0:  RRF    77,F
01D1:  RRF    78,F
01D2:  BTFSC  72.6
01D3:  ADDWF  77,F
01D4:  RRF    77,F
01D5:  RRF    78,F
01D6:  BTFSC  72.7
01D7:  ADDWF  77,F
01D8:  RRF    77,F
01D9:  RRF    78,F
01DA:  RETURN
*
0230:  MOVF   71,W
0231:  CLRF   78
0232:  SUBWF  70,W
0233:  BTFSC  03.0
0234:  GOTO   238
0235:  MOVF   70,W
0236:  MOVWF  77
0237:  GOTO   244
0238:  CLRF   77
0239:  MOVLW  08
023A:  MOVWF  72
023B:  RLF    70,F
023C:  RLF    77,F
023D:  MOVF   71,W
023E:  SUBWF  77,W
023F:  BTFSC  03.0
0240:  MOVWF  77
0241:  RLF    78,F
0242:  DECFSZ 72,F
0243:  GOTO   23B
0244:  RETURN
....................  
.................... #list 
....................  
.................... #fuses INTRC_IO 
.................... #use delay(clock=8000000)   // 8 MHz internal oscillator 
*
019F:  MOVLW  08
01A0:  SUBWF  22,F
01A1:  BTFSS  03.0
01A2:  GOTO   1AF
01A3:  MOVLW  A2
01A4:  MOVWF  04
01A5:  BCF    03.7
01A6:  BCF    03.0
01A7:  RRF    00,F
01A8:  MOVF   00,W
01A9:  BTFSC  03.2
01AA:  GOTO   1AF
01AB:  GOTO   1AD
01AC:  NOP
01AD:  DECFSZ 00,F
01AE:  GOTO   1AC
*
02AC:  MOVLW  6F
02AD:  MOVWF  04
02AE:  BCF    03.7
02AF:  MOVF   00,W
02B0:  BTFSC  03.2
02B1:  GOTO   2BF
02B2:  MOVLW  02
02B3:  MOVWF  78
02B4:  CLRF   77
02B5:  DECFSZ 77,F
02B6:  GOTO   2B5
02B7:  DECFSZ 78,F
02B8:  GOTO   2B4
02B9:  MOVLW  97
02BA:  MOVWF  77
02BB:  DECFSZ 77,F
02BC:  GOTO   2BB
02BD:  DECFSZ 00,F
02BE:  GOTO   2B2
02BF:  RETURN
.................... #use i2c(master, sda=PIN_C4, scl=PIN_C3, slow) 
*
0026:  MOVLW  08
0027:  MOVWF  78
0028:  NOP
0029:  BCF    07.3
002A:  BCF    20.3
002B:  MOVF   20,W
002C:  BSF    03.5
002D:  MOVWF  07
002E:  NOP
002F:  RLF    71,F
0030:  BCF    03.5
0031:  BCF    07.4
0032:  BTFSS  03.0
0033:  GOTO   03A
0034:  BSF    20.4
0035:  MOVF   20,W
0036:  BSF    03.5
0037:  MOVWF  07
0038:  GOTO   03E
0039:  BCF    03.5
003A:  BCF    20.4
003B:  MOVF   20,W
003C:  BSF    03.5
003D:  MOVWF  07
003E:  NOP
003F:  BCF    03.5
0040:  BSF    20.3
0041:  MOVF   20,W
0042:  BSF    03.5
0043:  MOVWF  07
0044:  BCF    03.5
0045:  BTFSS  07.3
0046:  GOTO   045
0047:  DECFSZ 78,F
0048:  GOTO   028
0049:  NOP
004A:  BCF    07.3
004B:  BCF    20.3
004C:  MOVF   20,W
004D:  BSF    03.5
004E:  MOVWF  07
004F:  NOP
0050:  BCF    03.5
0051:  BSF    20.4
0052:  MOVF   20,W
0053:  BSF    03.5
0054:  MOVWF  07
0055:  NOP
0056:  NOP
0057:  BCF    03.5
0058:  BSF    20.3
0059:  MOVF   20,W
005A:  BSF    03.5
005B:  MOVWF  07
005C:  BCF    03.5
005D:  BTFSS  07.3
005E:  GOTO   05D
005F:  CLRF   78
0060:  NOP
0061:  BTFSC  07.4
0062:  BSF    78.0
0063:  BCF    07.3
0064:  BCF    20.3
0065:  MOVF   20,W
0066:  BSF    03.5
0067:  MOVWF  07
0068:  BCF    03.5
0069:  BCF    07.4
006A:  BCF    20.4
006B:  MOVF   20,W
006C:  BSF    03.5
006D:  MOVWF  07
006E:  BCF    03.5
006F:  RETURN
0070:  MOVLW  08
0071:  MOVWF  70
0072:  MOVF   77,W
0073:  MOVWF  71
0074:  BSF    20.4
0075:  MOVF   20,W
0076:  BSF    03.5
0077:  MOVWF  07
0078:  NOP
0079:  BCF    03.5
007A:  BSF    20.3
007B:  MOVF   20,W
007C:  BSF    03.5
007D:  MOVWF  07
007E:  BCF    03.5
007F:  BTFSS  07.3
0080:  GOTO   07F
0081:  BTFSC  07.4
0082:  BSF    03.0
0083:  BTFSS  07.4
0084:  BCF    03.0
0085:  RLF    78,F
0086:  NOP
0087:  BCF    20.3
0088:  MOVF   20,W
0089:  BSF    03.5
008A:  MOVWF  07
008B:  BCF    03.5
008C:  BCF    07.3
008D:  DECFSZ 70,F
008E:  GOTO   074
008F:  BSF    20.4
0090:  MOVF   20,W
0091:  BSF    03.5
0092:  MOVWF  07
0093:  NOP
0094:  BCF    03.5
0095:  BCF    07.4
0096:  MOVF   71,W
0097:  BTFSC  03.2
0098:  GOTO   09E
0099:  BCF    20.4
009A:  MOVF   20,W
009B:  BSF    03.5
009C:  MOVWF  07
009D:  BCF    03.5
009E:  NOP
009F:  BSF    20.3
00A0:  MOVF   20,W
00A1:  BSF    03.5
00A2:  MOVWF  07
00A3:  BCF    03.5
00A4:  BTFSS  07.3
00A5:  GOTO   0A4
00A6:  NOP
00A7:  BCF    07.3
00A8:  BCF    20.3
00A9:  MOVF   20,W
00AA:  BSF    03.5
00AB:  MOVWF  07
00AC:  NOP
00AD:  BCF    03.5
00AE:  BCF    07.4
00AF:  BCF    20.4
00B0:  MOVF   20,W
00B1:  BSF    03.5
00B2:  MOVWF  07
00B3:  BCF    03.5
00B4:  RETURN
....................  
.................... #define SER PIN_D0 
.................... #define SCK PIN_D2 
.................... #define RCK PIN_D4 
.................... #define MOD PIN_B0 
.................... #define INC PIN_B2 
.................... #define LED0 PIN_A0 
.................... #define LED1 PIN_A2 
.................... #define LED2 PIN_A4 
.................... #define LED3 PIN_A6 
....................  
.................... unsigned int8 second, minute, hour, date, month, year, day; 
.................... // Ma led 7 doan common anode tu 0 den 9 
.................... const unsigned int8 MaLed7Doan[10] = {0xC0, 0xF9, 0xA4, 0xB0, 0x99, 0x92, 0x82, 0xF8, 0x80, 0x90}; 
....................  
.................... const unsigned int16 TIME_DELAY = 40; // ~0.3 seconds 
.................... const unsigned int8 NUMBER = 1; // ~0.3 seconds 
.................... const unsigned int8 DichCot[16] = {0x01, 0x02, 0x04, 0x08, 0x10, 0x20, 0x40, 0x80, 0x01, 0x02, 0x04, 0x08, 0x10, 0x20, 0x40, 0x80}; 
.................... unsigned int8 ValHienThi[16] = {0xff, 0xff, 0xff, 0xff, 0xff, 0xff, 0xff, 0xff, 0xff, 0xff, 0xff, 0xff, 0xff, 0xff, 0xff, 0xff}; 
*
05B1:  MOVLW  FF
05B2:  BCF    03.6
05B3:  MOVWF  28
05B4:  MOVWF  29
05B5:  MOVWF  2A
05B6:  MOVWF  2B
05B7:  MOVWF  2C
05B8:  MOVWF  2D
05B9:  MOVWF  2E
05BA:  MOVWF  2F
05BB:  MOVWF  30
05BC:  MOVWF  31
05BD:  MOVWF  32
05BE:  MOVWF  33
05BF:  MOVWF  34
05C0:  MOVWF  35
05C1:  MOVWF  36
05C2:  MOVWF  37
.................... unsigned int8 vmsg_pattern[] = {0xff, 0xff, 0xff, 0xff, 0xff, 0xff, 0xff, 0xff, 
....................                                 0xff, 0xff, 0xff, 0xff, 0xff, 0xff, 0xff, 0xff, 0xff, 0xff, 
....................                                 0x87, 0x8b, 0xe3, 0xff, 0xc6, 0xc8, 0xff, 0xff, 
....................                                 0x87, 0xaf, 0xa3, 0xab, 0xff, 0xa1, 0xfb, 0xab, 0x8b, 0xff, 
....................                                 0x87, 0x8b, 0xe3, 0xa3, 0xab, 0x90, 
....................                                 0xff, 0xff, 0xff, 0xff, 0xff, 0xff, 0xff, 0xff}; 
05C3:  MOVWF  38
05C4:  MOVWF  39
05C5:  MOVWF  3A
05C6:  MOVWF  3B
05C7:  MOVWF  3C
05C8:  MOVWF  3D
05C9:  MOVWF  3E
05CA:  MOVWF  3F
05CB:  MOVWF  40
05CC:  MOVWF  41
05CD:  MOVWF  42
05CE:  MOVWF  43
05CF:  MOVWF  44
05D0:  MOVWF  45
05D1:  MOVWF  46
05D2:  MOVWF  47
05D3:  MOVWF  48
05D4:  MOVWF  49
05D5:  MOVLW  87
05D6:  MOVWF  4A
05D7:  MOVLW  8B
05D8:  MOVWF  4B
05D9:  MOVLW  E3
05DA:  MOVWF  4C
05DB:  MOVLW  FF
05DC:  MOVWF  4D
05DD:  MOVLW  C6
05DE:  MOVWF  4E
05DF:  MOVLW  C8
05E0:  MOVWF  4F
05E1:  MOVLW  FF
05E2:  MOVWF  50
05E3:  MOVWF  51
05E4:  MOVLW  87
05E5:  MOVWF  52
05E6:  MOVLW  AF
05E7:  MOVWF  53
05E8:  MOVLW  A3
05E9:  MOVWF  54
05EA:  MOVLW  AB
05EB:  MOVWF  55
05EC:  MOVLW  FF
05ED:  MOVWF  56
05EE:  MOVLW  A1
05EF:  MOVWF  57
05F0:  MOVLW  FB
05F1:  MOVWF  58
05F2:  MOVLW  AB
05F3:  MOVWF  59
05F4:  MOVLW  8B
05F5:  MOVWF  5A
05F6:  MOVLW  FF
05F7:  MOVWF  5B
05F8:  MOVLW  87
05F9:  MOVWF  5C
05FA:  MOVLW  8B
05FB:  MOVWF  5D
05FC:  MOVLW  E3
05FD:  MOVWF  5E
05FE:  MOVLW  A3
05FF:  MOVWF  5F
0600:  MOVLW  AB
0601:  MOVWF  60
0602:  MOVLW  90
0603:  MOVWF  61
0604:  MOVLW  FF
0605:  MOVWF  62
0606:  MOVWF  63
0607:  MOVWF  64
0608:  MOVWF  65
0609:  MOVWF  66
060A:  MOVWF  67
060B:  MOVWF  68
060C:  MOVWF  69
.................... unsigned int8 pos = 0; 
.................... void xuat_1byte(unsigned int8 bytexuat); 
.................... void xuat_4byte(unsigned int32 xuat4byte); 
.................... void HienThiVal(unsigned int8 Val[16]); 
.................... void HienThiVal_With_Delay(unsigned int8 Val[16], unsigned int16 delay_time); 
.................... void HienThiVal_With_Delay_number(unsigned int16 delay_time, unsigned int8 number); 
.................... void get_data(); 
.................... void Convert_BCD_to_Decimal(); 
.................... void Convert_Decimal_to_BCD(); 
.................... void ds1307_write(unsigned int8 address, unsigned int8 data); 
.................... void Adjust_Time_Calendar(); 
....................  
.................... void xuat_1byte(unsigned int8 bytexuat) 
.................... { 
....................  
....................     unsigned int8 i; 
....................  
....................     for (i = 0; i < 8; i++) 
*
00B5:  BSF    03.5
00B6:  CLRF   2A
00B7:  MOVF   2A,W
00B8:  SUBLW  07
00B9:  BTFSS  03.0
00BA:  GOTO   0D8
....................     { 
....................         output_bit(SER, (bytexuat & 0x80) ? 1 : 0); 
00BB:  BTFSS  29.7
00BC:  GOTO   0BF
00BD:  MOVLW  01
00BE:  GOTO   0C0
00BF:  MOVLW  00
00C0:  XORLW  00
00C1:  BTFSS  03.2
00C2:  GOTO   0C7
00C3:  BCF    03.5
00C4:  BCF    08.0
00C5:  GOTO   0C9
00C6:  BSF    03.5
00C7:  BCF    03.5
00C8:  BSF    08.0
00C9:  BSF    03.5
00CA:  BCF    08.0
....................         output_low(SCK); 
00CB:  BCF    08.2
00CC:  BCF    03.5
00CD:  BCF    08.2
....................         delay_us(1); // delay nho de dam bao xung du dai tren phan cung, co the bo phan nay 
00CE:  GOTO   0CF
....................         output_high(SCK); 
00CF:  BSF    03.5
00D0:  BCF    08.2
00D1:  BCF    03.5
00D2:  BSF    08.2
....................         bytexuat = bytexuat << 1; 
00D3:  BCF    03.0
00D4:  BSF    03.5
00D5:  RLF    29,F
00D6:  INCF   2A,F
00D7:  GOTO   0B7
....................     } 
00D8:  BCF    03.5
00D9:  RETURN
.................... } 
....................  
.................... void xuat_4byte(unsigned int32 xuat4byte) 
.................... { 
....................     unsigned int8 byte3, byte2, byte1, byte0; 
....................      
....................     byte0 = (unsigned int8)(xuat4byte & 0x000000FF); 
*
0164:  CLRF   78
0165:  CLRF   79
0166:  CLRF   7A
0167:  MOVF   21,W
0168:  MOVWF  28
....................     byte1 = (unsigned int8)((xuat4byte >> 8) & 0x000000FF); 
0169:  CLRF   2D
016A:  CLRF   78
016B:  CLRF   79
016C:  CLRF   7A
016D:  MOVF   22,W
016E:  MOVWF  27
....................     byte2 = (unsigned int8)((xuat4byte >> 16) & 0x000000FF); 
016F:  CLRF   2C
0170:  CLRF   2D
0171:  CLRF   78
0172:  CLRF   79
0173:  CLRF   7A
0174:  MOVF   23,W
0175:  MOVWF  26
....................     byte3 = (unsigned int8)((xuat4byte >> 24) & 0x000000FF); 
0176:  CLRF   2B
0177:  CLRF   2C
0178:  CLRF   2D
0179:  CLRF   78
017A:  CLRF   79
017B:  CLRF   7A
017C:  MOVF   24,W
017D:  MOVWF  25
....................  
....................     xuat_1byte(byte3); 
017E:  MOVF   25,W
017F:  MOVWF  29
0180:  BCF    03.5
0181:  CALL   0B5
....................     xuat_1byte(byte2); 
0182:  BSF    03.5
0183:  MOVF   26,W
0184:  MOVWF  29
0185:  BCF    03.5
0186:  CALL   0B5
....................     xuat_1byte(byte1); 
0187:  BSF    03.5
0188:  MOVF   27,W
0189:  MOVWF  29
018A:  BCF    03.5
018B:  CALL   0B5
....................     xuat_1byte(byte0); 
018C:  BSF    03.5
018D:  MOVF   28,W
018E:  MOVWF  29
018F:  BCF    03.5
0190:  CALL   0B5
....................     output_low(RCK); // Chốt dữ liệu 
0191:  BSF    03.5
0192:  BCF    08.4
0193:  BCF    03.5
0194:  BCF    08.4
....................     delay_us(1); 
0195:  GOTO   196
....................     output_high(RCK); // Chốt dữ liệu 
0196:  BSF    03.5
0197:  BCF    08.4
0198:  BCF    03.5
0199:  BSF    08.4
.................... } 
....................  
.................... void HienThiVal(unsigned int8 Val[16]) 
.................... { 
....................     unsigned int32 value; 
....................     for (int8 i = 0; i < 16; i++) 
*
00F5:  BSF    03.5
00F6:  CLRF   20
00F7:  MOVF   20,W
00F8:  SUBLW  0F
00F9:  BTFSS  03.0
00FA:  GOTO   1B3
....................     { 
....................         if (i < 8) 
00FB:  MOVF   20,W
00FC:  SUBLW  07
00FD:  BTFSS  03.0
00FE:  GOTO   132
....................             value = (unsigned int32)Val[i] << 24 | (unsigned int32)DichCot[i] << 16 & (unsigned int32)0xffffff00; 
00FF:  MOVF   20,W
0100:  ADDWF  75,W
0101:  MOVWF  04
0102:  BCF    03.7
0103:  BTFSC  76.0
0104:  BSF    03.7
0105:  MOVF   00,W
0106:  CLRF   24
0107:  CLRF   23
0108:  CLRF   22
0109:  MOVWF  21
010A:  MOVWF  24
010B:  CLRF   21
010C:  CLRF   22
010D:  CLRF   23
010E:  MOVF   20,W
010F:  BCF    03.5
0110:  CALL   012
0111:  MOVWF  78
0112:  BSF    03.5
0113:  CLRF   29
0114:  CLRF   28
0115:  CLRF   27
0116:  MOVF   78,W
0117:  MOVWF  26
0118:  MOVF   27,W
0119:  MOVWF  29
011A:  MOVF   26,W
011B:  MOVWF  28
011C:  CLRF   26
011D:  CLRF   27
011E:  CLRF   77
011F:  MOVF   27,W
0120:  MOVWF  78
0121:  MOVF   28,W
0122:  MOVWF  79
0123:  MOVF   29,W
0124:  MOVWF  7A
0125:  MOVF   77,W
0126:  IORWF  21,W
0127:  MOVWF  7B
0128:  MOVF   78,W
0129:  IORWF  22,W
012A:  MOVWF  7C
012B:  MOVF   79,W
012C:  IORWF  23,W
012D:  MOVWF  7D
012E:  MOVF   7A,W
012F:  IORWF  24,W
0130:  MOVWF  7E
0131:  GOTO   15C
....................         else 
....................             value = (unsigned int32)Val[i] << 8 | (unsigned int32)DichCot[i] & (unsigned int32)0xff00ffff; 
0132:  MOVF   20,W
0133:  ADDWF  75,W
0134:  MOVWF  04
0135:  BCF    03.7
0136:  BTFSC  76.0
0137:  BSF    03.7
0138:  MOVF   00,W
0139:  CLRF   24
013A:  CLRF   23
013B:  CLRF   22
013C:  MOVWF  21
013D:  MOVF   23,W
013E:  MOVWF  24
013F:  MOVF   22,W
0140:  MOVWF  23
0141:  MOVF   21,W
0142:  MOVWF  22
0143:  CLRF   21
0144:  MOVF   20,W
0145:  BCF    03.5
0146:  CALL   012
0147:  MOVWF  78
0148:  BSF    03.5
0149:  CLRF   29
014A:  CLRF   28
014B:  CLRF   27
014C:  MOVF   78,W
014D:  MOVWF  26
014E:  MOVWF  77
014F:  CLRF   79
0150:  MOVF   77,W
0151:  IORWF  21,W
0152:  MOVWF  7B
0153:  MOVF   27,W
0154:  IORWF  22,W
0155:  MOVWF  7C
0156:  MOVF   79,W
0157:  IORWF  23,W
0158:  MOVWF  7D
0159:  MOVF   29,W
015A:  IORWF  24,W
015B:  MOVWF  7E
....................         xuat_4byte(value); 
015C:  MOVF   7E,W
015D:  MOVWF  24
015E:  MOVF   7D,W
015F:  MOVWF  23
0160:  MOVF   7C,W
0161:  MOVWF  22
0162:  MOVF   7B,W
0163:  MOVWF  21
....................         delay_us(500); 
*
019A:  MOVLW  02
019B:  BSF    03.5
019C:  MOVWF  21
019D:  MOVLW  F8
019E:  MOVWF  22
*
01AF:  DECFSZ 21,F
01B0:  GOTO   19D
01B1:  INCF   20,F
01B2:  GOTO   0F7
....................     } 
.................... } 
....................  
.................... void HienThiVal_With_Delay(unsigned int8 Val[16], unsigned int16 delay_time) 
.................... ////////////////////////////////////////  USE  //////////////////////////////////////// 
.................... //        unsigned int8  delay_time;                                                 // 
.................... //        unsigned int16 cal_delay_time;                                             // 
.................... //        delay_time = 0.5; // Seconds to display                                    // 
.................... //        cal_delay_time = (unsigned int16)(delay_time * 1000 / 8); // 8 = 16 * 0.5  // 
.................... //        HienThiVal_With_Delay(ValHienThi, cal_delay_time);                         // 
.................... //        HienThiVal_With_Delay(ValHienThiOff, 2); // 1 ms                           // 
.................... //////////////////////////////////////  END USE  ////////////////////////////////////// 
.................... { 
....................     while (delay_time-- > 0) 
*
00DA:  MOVF   72,W
00DB:  MOVWF  7A
00DC:  MOVF   71,W
00DD:  BTFSC  03.2
00DE:  DECF   72,F
00DF:  DECF   71,F
00E0:  MOVWF  73
00E1:  MOVF   7A,W
00E2:  MOVWF  74
00E3:  MOVF   73,F
00E4:  BTFSS  03.2
00E5:  GOTO   0E9
00E6:  MOVF   74,F
00E7:  BTFSC  03.2
00E8:  GOTO   1B5
....................     { 
....................         HienThiVal(Val); 
00E9:  MOVF   6F,W
00EA:  MOVWF  78
00EB:  MOVF   70,W
00EC:  MOVWF  7A
00ED:  MOVF   78,W
00EE:  MOVWF  73
00EF:  MOVF   7A,W
00F0:  MOVWF  74
00F1:  MOVF   74,W
00F2:  MOVWF  76
00F3:  MOVF   73,W
00F4:  MOVWF  75
*
01B3:  BCF    03.5
01B4:  GOTO   0DA
....................     } 
01B5:  RETURN
.................... } 
....................  
.................... void HienThiVal_With_Delay_number(unsigned int16 delay_time, unsigned int8 number) 
.................... { 
....................     while (number > 0) 
*
02F9:  MOVF   6D,F
02FA:  BTFSC  03.2
02FB:  GOTO   593
....................     { 
....................         unsigned int8 i; 
....................         get_data(); 
....................         for (i = 0; i < 8; i++) 
*
03D3:  CLRF   6E
03D4:  MOVF   6E,W
03D5:  SUBLW  07
03D6:  BTFSS  03.0
03D7:  GOTO   3F3
....................         { 
....................             ValHienThi[i] = vmsg_pattern[pos + 7 - i]; 
03D8:  MOVLW  28
03D9:  ADDWF  6E,W
03DA:  MOVWF  78
03DB:  CLRF   7A
03DC:  BTFSC  03.0
03DD:  INCF   7A,F
03DE:  MOVF   78,W
03DF:  MOVWF  6F
03E0:  MOVLW  07
03E1:  ADDWF  6A,W
03E2:  MOVWF  78
03E3:  MOVF   6E,W
03E4:  SUBWF  78,W
03E5:  ADDLW  38
03E6:  MOVWF  04
03E7:  BCF    03.7
03E8:  MOVF   00,W
03E9:  MOVWF  71
03EA:  MOVF   6F,W
03EB:  MOVWF  04
03EC:  BCF    03.7
03ED:  BTFSC  7A.0
03EE:  BSF    03.7
03EF:  MOVF   71,W
03F0:  MOVWF  00
03F1:  INCF   6E,F
03F2:  GOTO   3D4
....................         } 
....................         HienThiVal_With_Delay(ValHienThi, delay_time); 
03F3:  CLRF   70
03F4:  MOVLW  28
03F5:  MOVWF  6F
03F6:  MOVF   6C,W
03F7:  MOVWF  72
03F8:  MOVF   6B,W
03F9:  MOVWF  71
03FA:  CALL   0DA
....................         Adjust_Time_Calendar(); 
....................         number--; 
*
0591:  DECF   6D,F
0592:  GOTO   2F9
....................     }  
0593:  BCF    0A.3
0594:  BCF    0A.4
0595:  GOTO   635 (RETURN)
.................... } 
....................  
.................... void get_data() 
.................... { 
....................     i2c_start(); 
*
02FC:  BSF    20.4
02FD:  MOVF   20,W
02FE:  BSF    03.5
02FF:  MOVWF  07
0300:  NOP
0301:  BCF    03.5
0302:  BSF    20.3
0303:  MOVF   20,W
0304:  BSF    03.5
0305:  MOVWF  07
0306:  NOP
0307:  BCF    03.5
0308:  BCF    07.4
0309:  BCF    20.4
030A:  MOVF   20,W
030B:  BSF    03.5
030C:  MOVWF  07
030D:  NOP
030E:  BCF    03.5
030F:  BCF    07.3
0310:  BCF    20.3
0311:  MOVF   20,W
0312:  BSF    03.5
0313:  MOVWF  07
....................     i2c_write(0xD0); 
0314:  MOVLW  D0
0315:  MOVWF  71
0316:  BCF    03.5
0317:  CALL   026
....................     i2c_write(0x00); 
0318:  CLRF   71
0319:  CALL   026
....................     i2c_start(); 
031A:  BSF    20.4
031B:  MOVF   20,W
031C:  BSF    03.5
031D:  MOVWF  07
031E:  NOP
031F:  BCF    03.5
0320:  BSF    20.3
0321:  MOVF   20,W
0322:  BSF    03.5
0323:  MOVWF  07
0324:  NOP
0325:  BCF    03.5
0326:  BTFSS  07.3
0327:  GOTO   326
0328:  BCF    07.4
0329:  BCF    20.4
032A:  MOVF   20,W
032B:  BSF    03.5
032C:  MOVWF  07
032D:  NOP
032E:  BCF    03.5
032F:  BCF    07.3
0330:  BCF    20.3
0331:  MOVF   20,W
0332:  BSF    03.5
0333:  MOVWF  07
....................     i2c_write(0xD1); 
0334:  MOVLW  D1
0335:  MOVWF  71
0336:  BCF    03.5
0337:  CALL   026
....................     second = i2c_read(1); 
0338:  MOVLW  01
0339:  MOVWF  77
033A:  CALL   070
033B:  MOVF   78,W
033C:  MOVWF  21
....................     minute = i2c_read(1); 
033D:  MOVLW  01
033E:  MOVWF  77
033F:  CALL   070
0340:  MOVF   78,W
0341:  MOVWF  22
....................     hour   = i2c_read(1); 
0342:  MOVLW  01
0343:  MOVWF  77
0344:  CALL   070
0345:  MOVF   78,W
0346:  MOVWF  23
....................     day    = i2c_read(1); 
0347:  MOVLW  01
0348:  MOVWF  77
0349:  CALL   070
034A:  MOVF   78,W
034B:  MOVWF  27
....................     date   = i2c_read(1); 
034C:  MOVLW  01
034D:  MOVWF  77
034E:  CALL   070
034F:  MOVF   78,W
0350:  MOVWF  24
....................     month  = i2c_read(1); 
0351:  MOVLW  01
0352:  MOVWF  77
0353:  CALL   070
0354:  MOVF   78,W
0355:  MOVWF  25
....................     year   = i2c_read(0); 
0356:  CLRF   77
0357:  CALL   070
0358:  MOVF   78,W
0359:  MOVWF  26
....................     i2c_stop(); 
035A:  BCF    20.4
035B:  MOVF   20,W
035C:  BSF    03.5
035D:  MOVWF  07
035E:  NOP
035F:  BCF    03.5
0360:  BSF    20.3
0361:  MOVF   20,W
0362:  BSF    03.5
0363:  MOVWF  07
0364:  BCF    03.5
0365:  BTFSS  07.3
0366:  GOTO   365
0367:  NOP
0368:  GOTO   369
0369:  NOP
036A:  BSF    20.4
036B:  MOVF   20,W
036C:  BSF    03.5
036D:  MOVWF  07
036E:  NOP
....................  
....................     vmsg_pattern[8] = MaLed7Doan[date / 16]; 
036F:  BCF    03.5
0370:  SWAPF  24,W
0371:  MOVWF  77
0372:  MOVLW  0F
0373:  ANDWF  77,F
0374:  MOVF   77,W
0375:  CALL   004
0376:  MOVWF  78
0377:  MOVWF  40
....................     vmsg_pattern[9] = MaLed7Doan[date % 16] & 0x7f; // dot 
0378:  MOVF   24,W
0379:  ANDLW  0F
037A:  CALL   004
037B:  ANDLW  7F
037C:  MOVWF  41
....................     vmsg_pattern[10] = MaLed7Doan[month / 16]; 
037D:  SWAPF  25,W
037E:  MOVWF  77
037F:  MOVLW  0F
0380:  ANDWF  77,F
0381:  MOVF   77,W
0382:  CALL   004
0383:  MOVWF  78
0384:  MOVWF  42
....................     vmsg_pattern[11] = MaLed7Doan[month % 16] & 0x7f; // dot 
0385:  MOVF   25,W
0386:  ANDLW  0F
0387:  CALL   004
0388:  ANDLW  7F
0389:  MOVWF  43
....................     vmsg_pattern[12] = MaLed7Doan[2]; 
038A:  MOVLW  A4
038B:  MOVWF  44
....................     vmsg_pattern[13] = MaLed7Doan[0]; 
038C:  MOVLW  C0
038D:  MOVWF  45
....................     vmsg_pattern[14] = MaLed7Doan[year / 16]; 
038E:  SWAPF  26,W
038F:  MOVWF  77
0390:  MOVLW  0F
0391:  ANDWF  77,F
0392:  MOVF   77,W
0393:  CALL   004
0394:  MOVWF  78
0395:  MOVWF  46
....................     vmsg_pattern[15] = MaLed7Doan[year % 16]; 
0396:  MOVF   26,W
0397:  ANDLW  0F
0398:  CALL   004
0399:  MOVWF  78
039A:  MOVWF  47
....................     if (day == 0) 
039B:  MOVF   27,F
039C:  BTFSS  03.2
039D:  GOTO   3A3
....................     { 
....................         vmsg_pattern[22] = 0xc6; 
039E:  MOVLW  C6
039F:  MOVWF  4E
....................         vmsg_pattern[23] = 0xc8; 
03A0:  MOVLW  C8
03A1:  MOVWF  4F
....................     } 
03A2:  GOTO   3A9
....................     else 
....................     { 
....................         vmsg_pattern[22] = MaLed7Doan[0]; 
03A3:  MOVLW  C0
03A4:  MOVWF  4E
....................         vmsg_pattern[23] = MaLed7Doan[day]; 
03A5:  MOVF   27,W
03A6:  CALL   004
03A7:  MOVWF  78
03A8:  MOVWF  4F
....................     } 
....................  
....................     ValHienThi[8] = MaLed7Doan[second % 16]; 
03A9:  MOVF   21,W
03AA:  ANDLW  0F
03AB:  CALL   004
03AC:  MOVWF  78
03AD:  MOVWF  30
....................     ValHienThi[9] = MaLed7Doan[second / 16]; 
03AE:  SWAPF  21,W
03AF:  MOVWF  77
03B0:  MOVLW  0F
03B1:  ANDWF  77,F
03B2:  MOVF   77,W
03B3:  CALL   004
03B4:  MOVWF  78
03B5:  MOVWF  31
....................     ValHienThi[10] = MaLed7Doan[minute % 16] & 0x7f; // dot 
03B6:  MOVF   22,W
03B7:  ANDLW  0F
03B8:  CALL   004
03B9:  ANDLW  7F
03BA:  MOVWF  32
....................     ValHienThi[11] = MaLed7Doan[minute / 16]; 
03BB:  SWAPF  22,W
03BC:  MOVWF  77
03BD:  MOVLW  0F
03BE:  ANDWF  77,F
03BF:  MOVF   77,W
03C0:  CALL   004
03C1:  MOVWF  78
03C2:  MOVWF  33
....................     ValHienThi[12] = MaLed7Doan[hour % 16] & 0x7f; // dot 
03C3:  MOVF   23,W
03C4:  ANDLW  0F
03C5:  CALL   004
03C6:  ANDLW  7F
03C7:  MOVWF  34
....................     ValHienThi[13] = MaLed7Doan[hour / 16]; 
03C8:  SWAPF  23,W
03C9:  MOVWF  77
03CA:  MOVLW  0F
03CB:  ANDWF  77,F
03CC:  MOVF   77,W
03CD:  CALL   004
03CE:  MOVWF  78
03CF:  MOVWF  35
....................     ValHienThi[14] = 0xFF; 
03D0:  MOVLW  FF
03D1:  MOVWF  36
....................     ValHienThi[15] = 0xFF; 
03D2:  MOVWF  37
.................... } 
....................  
.................... void Convert_BCD_to_Decimal() 
.................... { 
....................     second = (second >> 4) * 10 + (second & 0x0F); 
*
01DB:  SWAPF  21,W
01DC:  MOVWF  77
01DD:  MOVLW  0F
01DE:  ANDWF  77,F
01DF:  MOVF   77,W
01E0:  MOVWF  70
01E1:  MOVWF  71
01E2:  MOVLW  0A
01E3:  MOVWF  72
01E4:  CALL   1B6
01E5:  MOVF   21,W
01E6:  ANDLW  0F
01E7:  ADDWF  78,W
01E8:  MOVWF  21
....................     minute = (minute >> 4) * 10 + (minute & 0x0F); 
01E9:  SWAPF  22,W
01EA:  MOVWF  77
01EB:  MOVLW  0F
01EC:  ANDWF  77,F
01ED:  MOVF   77,W
01EE:  MOVWF  70
01EF:  MOVWF  71
01F0:  MOVLW  0A
01F1:  MOVWF  72
01F2:  CALL   1B6
01F3:  MOVF   22,W
01F4:  ANDLW  0F
01F5:  ADDWF  78,W
01F6:  MOVWF  22
....................     hour   = (hour >> 4) * 10 + (hour & 0x0F); 
01F7:  SWAPF  23,W
01F8:  MOVWF  77
01F9:  MOVLW  0F
01FA:  ANDWF  77,F
01FB:  MOVF   77,W
01FC:  MOVWF  70
01FD:  MOVWF  71
01FE:  MOVLW  0A
01FF:  MOVWF  72
0200:  CALL   1B6
0201:  MOVF   23,W
0202:  ANDLW  0F
0203:  ADDWF  78,W
0204:  MOVWF  23
....................     date   = (date >> 4) * 10 + (date & 0x0F); 
0205:  SWAPF  24,W
0206:  MOVWF  77
0207:  MOVLW  0F
0208:  ANDWF  77,F
0209:  MOVF   77,W
020A:  MOVWF  70
020B:  MOVWF  71
020C:  MOVLW  0A
020D:  MOVWF  72
020E:  CALL   1B6
020F:  MOVF   24,W
0210:  ANDLW  0F
0211:  ADDWF  78,W
0212:  MOVWF  24
....................     month  = (month >> 4) * 10 + (month & 0x0F); 
0213:  SWAPF  25,W
0214:  MOVWF  77
0215:  MOVLW  0F
0216:  ANDWF  77,F
0217:  MOVF   77,W
0218:  MOVWF  70
0219:  MOVWF  71
021A:  MOVLW  0A
021B:  MOVWF  72
021C:  CALL   1B6
021D:  MOVF   25,W
021E:  ANDLW  0F
021F:  ADDWF  78,W
0220:  MOVWF  25
....................     year   = (year >> 4) * 10 + (year & 0x0F); 
0221:  SWAPF  26,W
0222:  MOVWF  77
0223:  MOVLW  0F
0224:  ANDWF  77,F
0225:  MOVF   77,W
0226:  MOVWF  70
0227:  MOVWF  71
0228:  MOVLW  0A
0229:  MOVWF  72
022A:  CALL   1B6
022B:  MOVF   26,W
022C:  ANDLW  0F
022D:  ADDWF  78,W
022E:  MOVWF  26
022F:  RETURN
.................... } 
....................  
.................... void Convert_Decimal_to_BCD() 
.................... { 
....................     // x = (x / 10) << 4 + (x % 10) 
....................     second = ((second / 10) << 4) + (second % 10); 
*
0245:  MOVF   21,W
0246:  MOVWF  70
0247:  MOVLW  0A
0248:  MOVWF  71
0249:  CALL   230
024A:  SWAPF  78,W
024B:  MOVWF  6F
024C:  MOVLW  F0
024D:  ANDWF  6F,F
024E:  MOVF   21,W
024F:  MOVWF  70
0250:  MOVLW  0A
0251:  MOVWF  71
0252:  CALL   230
0253:  MOVF   77,W
0254:  ADDWF  6F,W
0255:  MOVWF  21
....................     minute = ((minute / 10) << 4) + (minute % 10); 
0256:  MOVF   22,W
0257:  MOVWF  70
0258:  MOVLW  0A
0259:  MOVWF  71
025A:  CALL   230
025B:  SWAPF  78,W
025C:  MOVWF  6F
025D:  MOVLW  F0
025E:  ANDWF  6F,F
025F:  MOVF   22,W
0260:  MOVWF  70
0261:  MOVLW  0A
0262:  MOVWF  71
0263:  CALL   230
0264:  MOVF   77,W
0265:  ADDWF  6F,W
0266:  MOVWF  22
....................     hour   = ((hour / 10) << 4) + (hour % 10); 
0267:  MOVF   23,W
0268:  MOVWF  70
0269:  MOVLW  0A
026A:  MOVWF  71
026B:  CALL   230
026C:  SWAPF  78,W
026D:  MOVWF  6F
026E:  MOVLW  F0
026F:  ANDWF  6F,F
0270:  MOVF   23,W
0271:  MOVWF  70
0272:  MOVLW  0A
0273:  MOVWF  71
0274:  CALL   230
0275:  MOVF   77,W
0276:  ADDWF  6F,W
0277:  MOVWF  23
....................     date   = ((date / 10) << 4) + (date % 10); 
0278:  MOVF   24,W
0279:  MOVWF  70
027A:  MOVLW  0A
027B:  MOVWF  71
027C:  CALL   230
027D:  SWAPF  78,W
027E:  MOVWF  6F
027F:  MOVLW  F0
0280:  ANDWF  6F,F
0281:  MOVF   24,W
0282:  MOVWF  70
0283:  MOVLW  0A
0284:  MOVWF  71
0285:  CALL   230
0286:  MOVF   77,W
0287:  ADDWF  6F,W
0288:  MOVWF  24
....................     month  = ((month / 10) << 4) + (month % 10); 
0289:  MOVF   25,W
028A:  MOVWF  70
028B:  MOVLW  0A
028C:  MOVWF  71
028D:  CALL   230
028E:  SWAPF  78,W
028F:  MOVWF  6F
0290:  MOVLW  F0
0291:  ANDWF  6F,F
0292:  MOVF   25,W
0293:  MOVWF  70
0294:  MOVLW  0A
0295:  MOVWF  71
0296:  CALL   230
0297:  MOVF   77,W
0298:  ADDWF  6F,W
0299:  MOVWF  25
....................     year   = ((year / 10) << 4) + (year % 10); 
029A:  MOVF   26,W
029B:  MOVWF  70
029C:  MOVLW  0A
029D:  MOVWF  71
029E:  CALL   230
029F:  SWAPF  78,W
02A0:  MOVWF  6F
02A1:  MOVLW  F0
02A2:  ANDWF  6F,F
02A3:  MOVF   26,W
02A4:  MOVWF  70
02A5:  MOVLW  0A
02A6:  MOVWF  71
02A7:  CALL   230
02A8:  MOVF   77,W
02A9:  ADDWF  6F,W
02AA:  MOVWF  26
02AB:  RETURN
.................... } 
....................  
.................... void ds1307_write(unsigned int8 address, unsigned int8 data) 
.................... { 
....................     i2c_start(); 
*
02C0:  BSF    20.4
02C1:  MOVF   20,W
02C2:  BSF    03.5
02C3:  MOVWF  07
02C4:  NOP
02C5:  BCF    03.5
02C6:  BSF    20.3
02C7:  MOVF   20,W
02C8:  BSF    03.5
02C9:  MOVWF  07
02CA:  NOP
02CB:  BCF    03.5
02CC:  BCF    07.4
02CD:  BCF    20.4
02CE:  MOVF   20,W
02CF:  BSF    03.5
02D0:  MOVWF  07
02D1:  NOP
02D2:  BCF    03.5
02D3:  BCF    07.3
02D4:  BCF    20.3
02D5:  MOVF   20,W
02D6:  BSF    03.5
02D7:  MOVWF  07
....................     i2c_write(0xD0); 
02D8:  MOVLW  D0
02D9:  MOVWF  71
02DA:  BCF    03.5
02DB:  CALL   026
....................     i2c_write(address); 
02DC:  MOVF   6F,W
02DD:  MOVWF  71
02DE:  CALL   026
....................     i2c_write(data); 
02DF:  MOVF   70,W
02E0:  MOVWF  71
02E1:  CALL   026
....................     i2c_stop(); 
02E2:  BCF    20.4
02E3:  MOVF   20,W
02E4:  BSF    03.5
02E5:  MOVWF  07
02E6:  NOP
02E7:  BCF    03.5
02E8:  BSF    20.3
02E9:  MOVF   20,W
02EA:  BSF    03.5
02EB:  MOVWF  07
02EC:  BCF    03.5
02ED:  BTFSS  07.3
02EE:  GOTO   2ED
02EF:  NOP
02F0:  GOTO   2F1
02F1:  NOP
02F2:  BSF    20.4
02F3:  MOVF   20,W
02F4:  BSF    03.5
02F5:  MOVWF  07
02F6:  NOP
02F7:  BCF    03.5
02F8:  RETURN
.................... } 
....................  
.................... void Adjust_Time_Calendar() 
.................... { 
....................     if (!input(MOD)) 
*
03FB:  BSF    03.5
03FC:  BSF    06.0
03FD:  BCF    03.5
03FE:  BTFSC  06.0
03FF:  GOTO   591
....................         { 
....................             Convert_BCD_to_Decimal(); 
0400:  CALL   1DB
....................             // Set seconds to 00 
....................             second = 0; 
0401:  CLRF   21
....................  
....................             // Adjust minutes 
....................             while (TRUE) 
....................             { 
....................                 if (!input(INC)) minute++; 
0402:  BSF    03.5
0403:  BSF    06.2
0404:  BCF    03.5
0405:  BTFSS  06.2
0406:  INCF   22,F
....................                 if (minute > 59) minute = 0; 
0407:  MOVF   22,W
0408:  SUBLW  3B
0409:  BTFSS  03.0
040A:  CLRF   22
....................                 Convert_Decimal_to_BCD(); 
040B:  CALL   245
....................                 ValHienThi[10] = 0xFF; 
040C:  MOVLW  FF
040D:  MOVWF  32
....................                 ValHienThi[11] = 0xFF; 
040E:  MOVWF  33
....................                 HienThiVal_With_Delay(ValHienThi, TIME_DELAY); 
040F:  CLRF   70
0410:  MOVLW  28
0411:  MOVWF  6F
0412:  CLRF   72
0413:  MOVWF  71
0414:  CALL   0DA
....................                 ValHienThi[10] = MaLed7Doan[minute % 16] & 0x7f; // dot 
0415:  MOVF   22,W
0416:  ANDLW  0F
0417:  CALL   004
0418:  ANDLW  7F
0419:  MOVWF  32
....................                 ValHienThi[11] = MaLed7Doan[minute / 16]; 
041A:  SWAPF  22,W
041B:  MOVWF  77
041C:  MOVLW  0F
041D:  ANDWF  77,F
041E:  MOVF   77,W
041F:  CALL   004
0420:  MOVWF  78
0421:  MOVWF  33
....................                 HienThiVal_With_Delay(ValHienThi, TIME_DELAY); 
0422:  CLRF   70
0423:  MOVLW  28
0424:  MOVWF  6F
0425:  CLRF   72
0426:  MOVWF  71
0427:  CALL   0DA
....................                 Convert_BCD_to_Decimal(); 
0428:  CALL   1DB
....................                 if (!input(MOD)) 
0429:  BSF    03.5
042A:  BSF    06.0
042B:  BCF    03.5
042C:  BTFSC  06.0
042D:  GOTO   43C
....................                 { 
....................                     delay_ms(20); 
042E:  MOVLW  14
042F:  MOVWF  6F
0430:  CALL   2AC
....................                     if (!input(MOD)) 
0431:  BSF    03.5
0432:  BSF    06.0
0433:  BCF    03.5
0434:  BTFSC  06.0
0435:  GOTO   43B
....................                     { 
....................                         while (input(MOD) == 0) {} 
0436:  BSF    03.5
0437:  BSF    06.0
0438:  BCF    03.5
0439:  BTFSS  06.0
043A:  GOTO   436
....................                     } 
....................                     break; 
043B:  GOTO   43D
....................                 } 
043C:  GOTO   402
....................             } 
....................  
....................             // Adjust hours 
....................             while (TRUE) 
....................             { 
....................                 if (!input(INC)) hour++; 
043D:  BSF    03.5
043E:  BSF    06.2
043F:  BCF    03.5
0440:  BTFSS  06.2
0441:  INCF   23,F
....................                 if (hour > 23) hour = 0; 
0442:  MOVF   23,W
0443:  SUBLW  17
0444:  BTFSS  03.0
0445:  CLRF   23
....................                 Convert_Decimal_to_BCD(); 
0446:  CALL   245
....................                 ValHienThi[12] = 0xFF; 
0447:  MOVLW  FF
0448:  MOVWF  34
....................                 ValHienThi[13] = 0xFF; 
0449:  MOVWF  35
....................                 HienThiVal_With_Delay(ValHienThi, TIME_DELAY); 
044A:  CLRF   70
044B:  MOVLW  28
044C:  MOVWF  6F
044D:  CLRF   72
044E:  MOVWF  71
044F:  CALL   0DA
....................                 ValHienThi[12] = MaLed7Doan[hour % 16] & 0x7f; // dot 
0450:  MOVF   23,W
0451:  ANDLW  0F
0452:  CALL   004
0453:  ANDLW  7F
0454:  MOVWF  34
....................                 ValHienThi[13] = MaLed7Doan[hour / 16]; 
0455:  SWAPF  23,W
0456:  MOVWF  77
0457:  MOVLW  0F
0458:  ANDWF  77,F
0459:  MOVF   77,W
045A:  CALL   004
045B:  MOVWF  78
045C:  MOVWF  35
....................                 HienThiVal_With_Delay(ValHienThi, TIME_DELAY); 
045D:  CLRF   70
045E:  MOVLW  28
045F:  MOVWF  6F
0460:  CLRF   72
0461:  MOVWF  71
0462:  CALL   0DA
....................                 Convert_BCD_to_Decimal(); 
0463:  CALL   1DB
....................                 if (!input(MOD)) 
0464:  BSF    03.5
0465:  BSF    06.0
0466:  BCF    03.5
0467:  BTFSC  06.0
0468:  GOTO   477
....................                 { 
....................                     delay_ms(20); 
0469:  MOVLW  14
046A:  MOVWF  6F
046B:  CALL   2AC
....................                     if (!input(MOD)) 
046C:  BSF    03.5
046D:  BSF    06.0
046E:  BCF    03.5
046F:  BTFSC  06.0
0470:  GOTO   476
....................                     { 
....................                         while (input(MOD) == 0) {} 
0471:  BSF    03.5
0472:  BSF    06.0
0473:  BCF    03.5
0474:  BTFSS  06.0
0475:  GOTO   471
....................                     } 
....................                     break; 
0476:  GOTO   478
....................                 } 
0477:  GOTO   43D
....................             } 
....................  
....................             // Adjust date 
....................             while (TRUE) 
....................             { 
....................                 if (!input(INC)) date++; 
0478:  BSF    03.5
0479:  BSF    06.2
047A:  BCF    03.5
047B:  BTFSS  06.2
047C:  INCF   24,F
....................                 if (date > 31) date = 1; 
047D:  MOVF   24,W
047E:  SUBLW  1F
047F:  BTFSC  03.0
0480:  GOTO   483
0481:  MOVLW  01
0482:  MOVWF  24
....................                 Convert_Decimal_to_BCD(); 
0483:  CALL   245
....................                 ValHienThi[6] = 0xFF; 
0484:  MOVLW  FF
0485:  MOVWF  2E
....................                 ValHienThi[7] = 0xFF; 
0486:  MOVWF  2F
....................                 HienThiVal_With_Delay(ValHienThi, TIME_DELAY); 
0487:  CLRF   70
0488:  MOVLW  28
0489:  MOVWF  6F
048A:  CLRF   72
048B:  MOVWF  71
048C:  CALL   0DA
....................                 ValHienThi[6] = MaLed7Doan[date % 16] & 0x7f; // dot 
048D:  MOVF   24,W
048E:  ANDLW  0F
048F:  CALL   004
0490:  ANDLW  7F
0491:  MOVWF  2E
....................                 ValHienThi[7] = MaLed7Doan[date / 16]; 
0492:  SWAPF  24,W
0493:  MOVWF  77
0494:  MOVLW  0F
0495:  ANDWF  77,F
0496:  MOVF   77,W
0497:  CALL   004
0498:  MOVWF  78
0499:  MOVWF  2F
....................                 HienThiVal_With_Delay(ValHienThi, TIME_DELAY); 
049A:  CLRF   70
049B:  MOVLW  28
049C:  MOVWF  6F
049D:  CLRF   72
049E:  MOVWF  71
049F:  CALL   0DA
....................                 Convert_BCD_to_Decimal(); 
04A0:  CALL   1DB
....................                 if (!input(MOD)) 
04A1:  BSF    03.5
04A2:  BSF    06.0
04A3:  BCF    03.5
04A4:  BTFSC  06.0
04A5:  GOTO   4B4
....................                 { 
....................                     delay_ms(20); 
04A6:  MOVLW  14
04A7:  MOVWF  6F
04A8:  CALL   2AC
....................                     if (!input(MOD)) 
04A9:  BSF    03.5
04AA:  BSF    06.0
04AB:  BCF    03.5
04AC:  BTFSC  06.0
04AD:  GOTO   4B3
....................                     { 
....................                         while (input(MOD) == 0) {} 
04AE:  BSF    03.5
04AF:  BSF    06.0
04B0:  BCF    03.5
04B1:  BTFSS  06.0
04B2:  GOTO   4AE
....................                     } 
....................                     break; 
04B3:  GOTO   4B5
....................                 } 
04B4:  GOTO   478
....................             } 
....................  
....................             // Adjust month 
....................             while (TRUE) 
....................             { 
....................                 if (!input(INC)) month++; 
04B5:  BSF    03.5
04B6:  BSF    06.2
04B7:  BCF    03.5
04B8:  BTFSS  06.2
04B9:  INCF   25,F
....................                 if (month > 12) month = 1; 
04BA:  MOVF   25,W
04BB:  SUBLW  0C
04BC:  BTFSC  03.0
04BD:  GOTO   4C0
04BE:  MOVLW  01
04BF:  MOVWF  25
....................                 Convert_Decimal_to_BCD(); 
04C0:  CALL   245
....................                 ValHienThi[4] = 0xFF; 
04C1:  MOVLW  FF
04C2:  MOVWF  2C
....................                 ValHienThi[5] = 0xFF; 
04C3:  MOVWF  2D
....................                 HienThiVal_With_Delay(ValHienThi, TIME_DELAY); 
04C4:  CLRF   70
04C5:  MOVLW  28
04C6:  MOVWF  6F
04C7:  CLRF   72
04C8:  MOVWF  71
04C9:  CALL   0DA
....................                 ValHienThi[4] = MaLed7Doan[month % 16] & 0x7f; // dot 
04CA:  MOVF   25,W
04CB:  ANDLW  0F
04CC:  CALL   004
04CD:  ANDLW  7F
04CE:  MOVWF  2C
....................                 ValHienThi[5] = MaLed7Doan[month / 16]; 
04CF:  SWAPF  25,W
04D0:  MOVWF  77
04D1:  MOVLW  0F
04D2:  ANDWF  77,F
04D3:  MOVF   77,W
04D4:  CALL   004
04D5:  MOVWF  78
04D6:  MOVWF  2D
....................                 HienThiVal_With_Delay(ValHienThi, TIME_DELAY); 
04D7:  CLRF   70
04D8:  MOVLW  28
04D9:  MOVWF  6F
04DA:  CLRF   72
04DB:  MOVWF  71
04DC:  CALL   0DA
....................                 Convert_BCD_to_Decimal(); 
04DD:  CALL   1DB
....................                 if (!input(MOD)) 
04DE:  BSF    03.5
04DF:  BSF    06.0
04E0:  BCF    03.5
04E1:  BTFSC  06.0
04E2:  GOTO   4F1
....................                 { 
....................                     delay_ms(20); 
04E3:  MOVLW  14
04E4:  MOVWF  6F
04E5:  CALL   2AC
....................                     if (!input(MOD)) 
04E6:  BSF    03.5
04E7:  BSF    06.0
04E8:  BCF    03.5
04E9:  BTFSC  06.0
04EA:  GOTO   4F0
....................                     { 
....................                         while (input(MOD) == 0) {} 
04EB:  BSF    03.5
04EC:  BSF    06.0
04ED:  BCF    03.5
04EE:  BTFSS  06.0
04EF:  GOTO   4EB
....................                     } 
....................                     break; 
04F0:  GOTO   4F2
....................                 } 
04F1:  GOTO   4B5
....................             } 
....................  
....................             // Adjust year 
....................             while (TRUE) 
....................             { 
....................                 if (!input(INC)) year++; 
04F2:  BSF    03.5
04F3:  BSF    06.2
04F4:  BCF    03.5
04F5:  BTFSS  06.2
04F6:  INCF   26,F
....................                 if (year > 50) year = 0; 
04F7:  MOVF   26,W
04F8:  SUBLW  32
04F9:  BTFSS  03.0
04FA:  CLRF   26
....................                 Convert_Decimal_to_BCD(); 
04FB:  CALL   245
....................                 ValHienThi[0] = 0xFF; 
04FC:  MOVLW  FF
04FD:  MOVWF  28
....................                 ValHienThi[1] = 0xFF; 
04FE:  MOVWF  29
....................                 HienThiVal_With_Delay(ValHienThi, TIME_DELAY); 
04FF:  CLRF   70
0500:  MOVLW  28
0501:  MOVWF  6F
0502:  CLRF   72
0503:  MOVWF  71
0504:  CALL   0DA
....................                 ValHienThi[0] = MaLed7Doan[year % 16]; 
0505:  MOVF   26,W
0506:  ANDLW  0F
0507:  CALL   004
0508:  MOVWF  78
0509:  MOVWF  28
....................                 ValHienThi[1] = MaLed7Doan[year / 16]; 
050A:  SWAPF  26,W
050B:  MOVWF  77
050C:  MOVLW  0F
050D:  ANDWF  77,F
050E:  MOVF   77,W
050F:  CALL   004
0510:  MOVWF  78
0511:  MOVWF  29
....................                 HienThiVal_With_Delay(ValHienThi, TIME_DELAY); 
0512:  CLRF   70
0513:  MOVLW  28
0514:  MOVWF  6F
0515:  CLRF   72
0516:  MOVWF  71
0517:  CALL   0DA
....................                 Convert_BCD_to_Decimal(); 
0518:  CALL   1DB
....................                 if (!input(MOD)) 
0519:  BSF    03.5
051A:  BSF    06.0
051B:  BCF    03.5
051C:  BTFSC  06.0
051D:  GOTO   52C
....................                 { 
....................                     delay_ms(20); 
051E:  MOVLW  14
051F:  MOVWF  6F
0520:  CALL   2AC
....................                     if (!input(MOD)) 
0521:  BSF    03.5
0522:  BSF    06.0
0523:  BCF    03.5
0524:  BTFSC  06.0
0525:  GOTO   52B
....................                     { 
....................                         while (input(MOD) == 0) {} 
0526:  BSF    03.5
0527:  BSF    06.0
0528:  BCF    03.5
0529:  BTFSS  06.0
052A:  GOTO   526
....................                     } 
....................                     break; 
052B:  GOTO   52D
....................                 } 
052C:  GOTO   4F2
....................             } 
....................  
....................             // Adjust day of week 
....................             while (TRUE) 
....................             { 
....................                 if (!input(INC)) day++; 
052D:  BSF    03.5
052E:  BSF    06.2
052F:  BCF    03.5
0530:  BTFSS  06.2
0531:  INCF   27,F
....................                 if (day > 7) day = 1; 
0532:  MOVF   27,W
0533:  SUBLW  07
0534:  BTFSC  03.0
0535:  GOTO   538
0536:  MOVLW  01
0537:  MOVWF  27
....................                 Convert_Decimal_to_BCD(); 
0538:  CALL   245
....................                 ValHienThi[2] = 0xFF; 
0539:  MOVLW  FF
053A:  MOVWF  2A
....................                 ValHienThi[3] = 0xFF; 
053B:  MOVWF  2B
....................                 HienThiVal_With_Delay(ValHienThi, TIME_DELAY); 
053C:  CLRF   70
053D:  MOVLW  28
053E:  MOVWF  6F
053F:  CLRF   72
0540:  MOVWF  71
0541:  CALL   0DA
....................                 if (day == 0) 
0542:  MOVF   27,F
0543:  BTFSS  03.2
0544:  GOTO   54A
....................                 { 
....................                     ValHienThi[2] = 0xc8; 
0545:  MOVLW  C8
0546:  MOVWF  2A
....................                     ValHienThi[3] = 0xc6; 
0547:  MOVLW  C6
0548:  MOVWF  2B
....................                 } 
0549:  GOTO   550
....................                 else 
....................                 { 
....................                     ValHienThi[3] = MaLed7Doan[0]; 
054A:  MOVLW  C0
054B:  MOVWF  2B
....................                     ValHienThi[2] = MaLed7Doan[day]; 
054C:  MOVF   27,W
054D:  CALL   004
054E:  MOVWF  78
054F:  MOVWF  2A
....................                 } 
....................                 HienThiVal_With_Delay(ValHienThi, TIME_DELAY); 
0550:  CLRF   70
0551:  MOVLW  28
0552:  MOVWF  6F
0553:  CLRF   72
0554:  MOVWF  71
0555:  CALL   0DA
....................                 Convert_BCD_to_Decimal(); 
0556:  CALL   1DB
....................                 if (!input(MOD)) 
0557:  BSF    03.5
0558:  BSF    06.0
0559:  BCF    03.5
055A:  BTFSC  06.0
055B:  GOTO   56A
....................                 { 
....................                     delay_ms(20); 
055C:  MOVLW  14
055D:  MOVWF  6F
055E:  CALL   2AC
....................                     if (!input(MOD)) 
055F:  BSF    03.5
0560:  BSF    06.0
0561:  BCF    03.5
0562:  BTFSC  06.0
0563:  GOTO   569
....................                     { 
....................                         while (input(MOD) == 0) {} 
0564:  BSF    03.5
0565:  BSF    06.0
0566:  BCF    03.5
0567:  BTFSS  06.0
0568:  GOTO   564
....................                     } 
....................                     break; 
0569:  GOTO   56B
....................                 } 
056A:  GOTO   52D
....................             } 
....................  
....................             Convert_Decimal_to_BCD(); 
056B:  CALL   245
....................             // Write time and calendar to DS1307 
....................             ds1307_write(0x00, second); 
056C:  CLRF   6F
056D:  MOVF   21,W
056E:  MOVWF  70
056F:  CALL   2C0
....................             ds1307_write(0x01, minute); 
0570:  MOVLW  01
0571:  MOVWF  6F
0572:  MOVF   22,W
0573:  MOVWF  70
0574:  CALL   2C0
....................             ds1307_write(0x02, hour); 
0575:  MOVLW  02
0576:  MOVWF  6F
0577:  MOVF   23,W
0578:  MOVWF  70
0579:  CALL   2C0
....................             ds1307_write(0x03, day); 
057A:  MOVLW  03
057B:  MOVWF  6F
057C:  MOVF   27,W
057D:  MOVWF  70
057E:  CALL   2C0
....................             ds1307_write(0x04, date); 
057F:  MOVLW  04
0580:  MOVWF  6F
0581:  MOVF   24,W
0582:  MOVWF  70
0583:  CALL   2C0
....................             ds1307_write(0x05, month); 
0584:  MOVLW  05
0585:  MOVWF  6F
0586:  MOVF   25,W
0587:  MOVWF  70
0588:  CALL   2C0
....................             ds1307_write(0x06, year); 
0589:  MOVLW  06
058A:  MOVWF  6F
058B:  MOVF   26,W
058C:  MOVWF  70
058D:  CALL   2C0
....................             delay_ms(200); 
058E:  MOVLW  C8
058F:  MOVWF  6F
0590:  CALL   2AC
....................         } 
.................... } 
....................  
.................... void main() 
*
0596:  MOVF   03,W
0597:  ANDLW  1F
0598:  MOVWF  03
0599:  MOVLW  71
059A:  BSF    03.5
059B:  MOVWF  0F
059C:  MOVF   0F,W
059D:  MOVLW  FF
059E:  BCF    03.5
059F:  MOVWF  20
05A0:  CLRF   6A
05A1:  BSF    03.5
05A2:  BSF    03.6
05A3:  MOVF   09,W
05A4:  ANDLW  C0
05A5:  MOVWF  09
05A6:  BCF    03.6
05A7:  BCF    1F.4
05A8:  BCF    1F.5
05A9:  MOVLW  00
05AA:  BSF    03.6
05AB:  MOVWF  08
05AC:  BCF    03.5
05AD:  CLRF   07
05AE:  CLRF   08
05AF:  CLRF   09
05B0:  BCF    03.7
.................... { 
....................     set_tris_a(0x00); 
*
060D:  MOVLW  00
060E:  BSF    03.5
060F:  MOVWF  05
....................     set_tris_b(0xFF); 
0610:  MOVLW  FF
0611:  MOVWF  06
....................     set_tris_d(0x00); 
0612:  MOVLW  00
0613:  MOVWF  08
....................  
....................     output_low(SER); 
0614:  BCF    08.0
0615:  BCF    03.5
0616:  BCF    08.0
....................     output_low(SCK); 
0617:  BSF    03.5
0618:  BCF    08.2
0619:  BCF    03.5
061A:  BCF    08.2
....................     output_high(RCK);  // mac dinh high 
061B:  BSF    03.5
061C:  BCF    08.4
061D:  BCF    03.5
061E:  BSF    08.4
....................  
....................     output_high(LED0); 
061F:  BSF    03.5
0620:  BCF    05.0
0621:  BCF    03.5
0622:  BSF    05.0
....................     output_high(LED1); 
0623:  BSF    03.5
0624:  BCF    05.2
0625:  BCF    03.5
0626:  BSF    05.2
....................     output_high(LED2); 
0627:  BSF    03.5
0628:  BCF    05.4
0629:  BCF    03.5
062A:  BSF    05.4
....................     output_high(LED3); 
062B:  BSF    03.5
062C:  BCF    05.6
062D:  BCF    03.5
062E:  BSF    05.6
....................  
....................     while (TRUE) 
....................     { 
....................         HienThiVal_With_Delay_number(TIME_DELAY, NUMBER); 
062F:  CLRF   6C
0630:  MOVLW  28
0631:  MOVWF  6B
0632:  MOVLW  01
0633:  MOVWF  6D
0634:  GOTO   2F9
....................         pos++; 
0635:  INCF   6A,F
....................         if (pos > (sizeof(vmsg_pattern) - 8)) 
0636:  MOVF   6A,W
0637:  SUBLW  2A
0638:  BTFSS  03.0
....................         { 
....................             pos = 0; 
0639:  CLRF   6A
....................         } 
063A:  GOTO   62F
....................     } 
.................... } 
063B:  SLEEP

Configuration Fuses:
   Word  1: 2FE4   INTRC_IO NOWDT PUT MCLR NOPROTECT NOCPD BROWNOUT IESO FCMEN NOLVP NODEBUG
   Word  2: 3FFF   BORV40 NOWRT
